{"/Users/peterbenoit/GitHub/UrlShortener/src/rateLimit.js": {"path":"/Users/peterbenoit/GitHub/UrlShortener/src/rateLimit.js","statementMap":{"0":{"start":{"line":6,"column":15},"end":{"line":6,"column":36}},"1":{"start":{"line":10,"column":19},"end":{"line":10,"column":21}},"2":{"start":{"line":13,"column":25},"end":{"line":13,"column":34}},"3":{"start":{"line":16,"column":22},"end":{"line":32,"column":1}},"4":{"start":{"line":35,"column":18},"end":{"line":38,"column":2}},"5":{"start":{"line":41,"column":25},"end":{"line":45,"column":2}},"6":{"start":{"line":55,"column":1},"end":{"line":57,"column":2}},"7":{"start":{"line":56,"column":2},"end":{"line":56,"column":14}},"8":{"start":{"line":60,"column":16},"end":{"line":60,"column":55}},"9":{"start":{"line":61,"column":1},"end":{"line":63,"column":2}},"10":{"start":{"line":62,"column":2},"end":{"line":62,"column":14}},"11":{"start":{"line":66,"column":18},"end":{"line":66,"column":52}},"12":{"start":{"line":67,"column":1},"end":{"line":76,"column":2}},"13":{"start":{"line":68,"column":2},"end":{"line":75,"column":3}},"14":{"start":{"line":69,"column":24},"end":{"line":69,"column":50}},"15":{"start":{"line":70,"column":3},"end":{"line":72,"column":4}},"16":{"start":{"line":71,"column":4},"end":{"line":71,"column":20}},"17":{"start":{"line":78,"column":1},"end":{"line":78,"column":17}},"18":{"start":{"line":89,"column":1},"end":{"line":89,"column":27}},"19":{"start":{"line":89,"column":16},"end":{"line":89,"column":27}},"20":{"start":{"line":91,"column":13},"end":{"line":91,"column":23}},"21":{"start":{"line":92,"column":20},"end":{"line":92,"column":53}},"22":{"start":{"line":93,"column":16},"end":{"line":93,"column":41}},"23":{"start":{"line":95,"column":15},"end":{"line":95,"column":42}},"24":{"start":{"line":96,"column":16},"end":{"line":96,"column":29}},"25":{"start":{"line":98,"column":18},"end":{"line":98,"column":42}},"26":{"start":{"line":99,"column":13},"end":{"line":99,"column":48}},"27":{"start":{"line":101,"column":1},"end":{"line":116,"column":2}},"28":{"start":{"line":103,"column":15},"end":{"line":103,"column":33}},"29":{"start":{"line":104,"column":2},"end":{"line":106,"column":3}},"30":{"start":{"line":105,"column":3},"end":{"line":105,"column":49}},"31":{"start":{"line":107,"column":2},"end":{"line":107,"column":22}},"32":{"start":{"line":111,"column":2},"end":{"line":113,"column":3}},"33":{"start":{"line":112,"column":3},"end":{"line":112,"column":54}},"34":{"start":{"line":114,"column":2},"end":{"line":114,"column":24}},"35":{"start":{"line":115,"column":2},"end":{"line":115,"column":38}},"36":{"start":{"line":127,"column":1},"end":{"line":129,"column":2}},"37":{"start":{"line":128,"column":2},"end":{"line":128,"column":68}},"38":{"start":{"line":131,"column":13},"end":{"line":131,"column":23}},"39":{"start":{"line":132,"column":20},"end":{"line":132,"column":53}},"40":{"start":{"line":133,"column":16},"end":{"line":133,"column":41}},"41":{"start":{"line":135,"column":15},"end":{"line":135,"column":42}},"42":{"start":{"line":136,"column":16},"end":{"line":136,"column":29}},"43":{"start":{"line":138,"column":18},"end":{"line":138,"column":42}},"44":{"start":{"line":139,"column":13},"end":{"line":139,"column":48}},"45":{"start":{"line":140,"column":15},"end":{"line":140,"column":38}},"46":{"start":{"line":142,"column":1},"end":{"line":152,"column":2}},"47":{"start":{"line":143,"column":13},"end":{"line":143,"column":30}},"48":{"start":{"line":144,"column":2},"end":{"line":144,"column":38}},"49":{"start":{"line":145,"column":20},"end":{"line":145,"column":45}},"50":{"start":{"line":146,"column":2},"end":{"line":146,"column":36}},"51":{"start":{"line":149,"column":15},"end":{"line":149,"column":57}},"52":{"start":{"line":150,"column":20},"end":{"line":150,"column":45}},"53":{"start":{"line":151,"column":2},"end":{"line":151,"column":36}},"54":{"start":{"line":160,"column":1},"end":{"line":160,"column":24}},"55":{"start":{"line":168,"column":1},"end":{"line":168,"column":27}},"56":{"start":{"line":176,"column":1},"end":{"line":176,"column":29}},"57":{"start":{"line":185,"column":1},"end":{"line":187,"column":2}},"58":{"start":{"line":186,"column":2},"end":{"line":186,"column":61}},"59":{"start":{"line":191,"column":27},"end":{"line":199,"column":20}},"60":{"start":{"line":192,"column":13},"end":{"line":192,"column":23}},"61":{"start":{"line":193,"column":1},"end":{"line":198,"column":3}},"62":{"start":{"line":195,"column":2},"end":{"line":197,"column":3}},"63":{"start":{"line":196,"column":3},"end":{"line":196,"column":25}},"64":{"start":{"line":202,"column":1},"end":{"line":202,"column":34}},"65":{"start":{"line":205,"column":0},"end":{"line":213,"column":1}}},"fnMap":{"0":{"name":"identifyClientType","decl":{"start":{"line":53,"column":9},"end":{"line":53,"column":27}},"loc":{"start":{"line":53,"column":48},"end":{"line":79,"column":1}},"line":53},"1":{"name":"checkRateLimit","decl":{"start":{"line":88,"column":15},"end":{"line":88,"column":29}},"loc":{"start":{"line":88,"column":58},"end":{"line":117,"column":1}},"line":88},"2":{"name":"getRateLimitInfo","decl":{"start":{"line":126,"column":15},"end":{"line":126,"column":31}},"loc":{"start":{"line":126,"column":60},"end":{"line":153,"column":1}},"line":126},"3":{"name":"whitelistClient","decl":{"start":{"line":159,"column":9},"end":{"line":159,"column":24}},"loc":{"start":{"line":159,"column":35},"end":{"line":161,"column":1}},"line":159},"4":{"name":"unwhitelistClient","decl":{"start":{"line":167,"column":9},"end":{"line":167,"column":26}},"loc":{"start":{"line":167,"column":37},"end":{"line":169,"column":1}},"line":167},"5":{"name":"addTrustedReferrer","decl":{"start":{"line":175,"column":9},"end":{"line":175,"column":27}},"loc":{"start":{"line":175,"column":36},"end":{"line":177,"column":1}},"line":175},"6":{"name":"configureClientType","decl":{"start":{"line":184,"column":9},"end":{"line":184,"column":28}},"loc":{"start":{"line":184,"column":43},"end":{"line":188,"column":1}},"line":184},"7":{"name":"(anonymous_7)","decl":{"start":{"line":191,"column":39},"end":{"line":191,"column":40}},"loc":{"start":{"line":191,"column":45},"end":{"line":199,"column":1}},"line":191},"8":{"name":"(anonymous_8)","decl":{"start":{"line":193,"column":33},"end":{"line":193,"column":34}},"loc":{"start":{"line":193,"column":40},"end":{"line":198,"column":2}},"line":193},"9":{"name":"stopCleanup","decl":{"start":{"line":201,"column":9},"end":{"line":201,"column":20}},"loc":{"start":{"line":201,"column":23},"end":{"line":203,"column":1}},"line":201}},"branchMap":{"0":{"loc":{"start":{"line":53,"column":38},"end":{"line":53,"column":46}},"type":"default-arg","locations":[{"start":{"line":53,"column":44},"end":{"line":53,"column":46}}],"line":53},"1":{"loc":{"start":{"line":55,"column":1},"end":{"line":57,"column":2}},"type":"if","locations":[{"start":{"line":55,"column":1},"end":{"line":57,"column":2}},{"start":{},"end":{}}],"line":55},"2":{"loc":{"start":{"line":60,"column":16},"end":{"line":60,"column":55}},"type":"binary-expr","locations":[{"start":{"line":60,"column":16},"end":{"line":60,"column":27}},{"start":{"line":60,"column":31},"end":{"line":60,"column":55}}],"line":60},"3":{"loc":{"start":{"line":61,"column":1},"end":{"line":63,"column":2}},"type":"if","locations":[{"start":{"line":61,"column":1},"end":{"line":63,"column":2}},{"start":{},"end":{}}],"line":61},"4":{"loc":{"start":{"line":61,"column":5},"end":{"line":61,"column":36}},"type":"binary-expr","locations":[{"start":{"line":61,"column":5},"end":{"line":61,"column":11}},{"start":{"line":61,"column":15},"end":{"line":61,"column":36}}],"line":61},"5":{"loc":{"start":{"line":66,"column":18},"end":{"line":66,"column":52}},"type":"binary-expr","locations":[{"start":{"line":66,"column":18},"end":{"line":66,"column":29}},{"start":{"line":66,"column":33},"end":{"line":66,"column":52}}],"line":66},"6":{"loc":{"start":{"line":67,"column":1},"end":{"line":76,"column":2}},"type":"if","locations":[{"start":{"line":67,"column":1},"end":{"line":76,"column":2}},{"start":{},"end":{}}],"line":67},"7":{"loc":{"start":{"line":70,"column":3},"end":{"line":72,"column":4}},"type":"if","locations":[{"start":{"line":70,"column":3},"end":{"line":72,"column":4}},{"start":{},"end":{}}],"line":70},"8":{"loc":{"start":{"line":89,"column":1},"end":{"line":89,"column":27}},"type":"if","locations":[{"start":{"line":89,"column":1},"end":{"line":89,"column":27}},{"start":{},"end":{}}],"line":89},"9":{"loc":{"start":{"line":95,"column":15},"end":{"line":95,"column":42}},"type":"binary-expr","locations":[{"start":{"line":95,"column":15},"end":{"line":95,"column":26}},{"start":{"line":95,"column":30},"end":{"line":95,"column":42}}],"line":95},"10":{"loc":{"start":{"line":104,"column":2},"end":{"line":106,"column":3}},"type":"if","locations":[{"start":{"line":104,"column":2},"end":{"line":106,"column":3}},{"start":{},"end":{}}],"line":104},"11":{"loc":{"start":{"line":111,"column":2},"end":{"line":113,"column":3}},"type":"if","locations":[{"start":{"line":111,"column":2},"end":{"line":113,"column":3}},{"start":{},"end":{}}],"line":111},"12":{"loc":{"start":{"line":127,"column":1},"end":{"line":129,"column":2}},"type":"if","locations":[{"start":{"line":127,"column":1},"end":{"line":129,"column":2}},{"start":{},"end":{}}],"line":127},"13":{"loc":{"start":{"line":135,"column":15},"end":{"line":135,"column":42}},"type":"binary-expr","locations":[{"start":{"line":135,"column":15},"end":{"line":135,"column":26}},{"start":{"line":135,"column":30},"end":{"line":135,"column":42}}],"line":135},"14":{"loc":{"start":{"line":144,"column":9},"end":{"line":144,"column":38}},"type":"cond-expr","locations":[{"start":{"line":144,"column":16},"end":{"line":144,"column":34}},{"start":{"line":144,"column":37},"end":{"line":144,"column":38}}],"line":144},"15":{"loc":{"start":{"line":149,"column":15},"end":{"line":149,"column":57}},"type":"cond-expr","locations":[{"start":{"line":149,"column":33},"end":{"line":149,"column":53}},{"start":{"line":149,"column":56},"end":{"line":149,"column":57}}],"line":149},"16":{"loc":{"start":{"line":185,"column":1},"end":{"line":187,"column":2}},"type":"if","locations":[{"start":{"line":185,"column":1},"end":{"line":187,"column":2}},{"start":{},"end":{}}],"line":185},"17":{"loc":{"start":{"line":195,"column":2},"end":{"line":197,"column":3}},"type":"if","locations":[{"start":{"line":195,"column":2},"end":{"line":197,"column":3}},{"start":{},"end":{}}],"line":195}},"s":{"0":1,"1":1,"2":1,"3":1,"4":1,"5":1,"6":11,"7":0,"8":11,"9":11,"10":0,"11":11,"12":11,"13":0,"14":0,"15":0,"16":0,"17":11,"18":9,"19":0,"20":9,"21":9,"22":9,"23":9,"24":9,"25":9,"26":9,"27":9,"28":9,"29":3,"30":1,"31":3,"32":6,"33":2,"34":6,"35":6,"36":2,"37":0,"38":2,"39":2,"40":2,"41":2,"42":2,"43":2,"44":2,"45":2,"46":2,"47":2,"48":1,"49":1,"50":1,"51":1,"52":1,"53":1,"54":0,"55":0,"56":0,"57":0,"58":0,"59":1,"60":0,"61":0,"62":0,"63":0,"64":1,"65":1},"f":{"0":11,"1":9,"2":2,"3":0,"4":0,"5":0,"6":0,"7":0,"8":0,"9":1},"b":{"0":[0],"1":[0,11],"2":[11,11],"3":[0,11],"4":[11,1],"5":[11,11],"6":[0,11],"7":[0,0],"8":[0,9],"9":[9,0],"10":[1,2],"11":[2,4],"12":[0,2],"13":[2,0],"14":[1,0],"15":[1,0],"16":[0,0],"17":[0,0]},"_coverageSchema":"1a1c01bbd47fc00a2c39e90264f33305004495a9","hash":"e9b06235955a15fe3f496cf04df222effd4879a6"}
,"/Users/peterbenoit/GitHub/UrlShortener/src/shorten.js": {"path":"/Users/peterbenoit/GitHub/UrlShortener/src/shorten.js","statementMap":{"0":{"start":{"line":1,"column":15},"end":{"line":1,"column":32}},"1":{"start":{"line":2,"column":15},"end":{"line":2,"column":36}},"2":{"start":{"line":11,"column":1},"end":{"line":13,"column":2}},"3":{"start":{"line":12,"column":2},"end":{"line":12,"column":54}},"4":{"start":{"line":15,"column":1},"end":{"line":22,"column":2}},"5":{"start":{"line":17,"column":16},"end":{"line":17,"column":31}},"6":{"start":{"line":18,"column":2},"end":{"line":18,"column":67}},"7":{"start":{"line":18,"column":38},"end":{"line":18,"column":67}},"8":{"start":{"line":19,"column":2},"end":{"line":19,"column":27}},"9":{"start":{"line":21,"column":2},"end":{"line":21,"column":40}},"10":{"start":{"line":25,"column":12},"end":{"line":25,"column":41}},"11":{"start":{"line":26,"column":16},"end":{"line":26,"column":31}},"12":{"start":{"line":28,"column":1},"end":{"line":30,"column":2}},"13":{"start":{"line":29,"column":2},"end":{"line":29,"column":41}},"14":{"start":{"line":32,"column":17},"end":{"line":32,"column":87}},"15":{"start":{"line":33,"column":1},"end":{"line":33,"column":15}},"16":{"start":{"line":39,"column":21},"end":{"line":39,"column":85}},"17":{"start":{"line":47,"column":11},"end":{"line":47,"column":69}},"18":{"start":{"line":48,"column":11},"end":{"line":48,"column":45}},"19":{"start":{"line":49,"column":11},"end":{"line":49,"column":13}},"20":{"start":{"line":50,"column":14},"end":{"line":50,"column":41}},"21":{"start":{"line":51,"column":1},"end":{"line":51,"column":39}},"22":{"start":{"line":51,"column":17},"end":{"line":51,"column":39}},"23":{"start":{"line":52,"column":1},"end":{"line":55,"column":2}},"24":{"start":{"line":53,"column":2},"end":{"line":53,"column":46}},"25":{"start":{"line":54,"column":2},"end":{"line":54,"column":18}},"26":{"start":{"line":56,"column":1},"end":{"line":56,"column":11}},"27":{"start":{"line":65,"column":1},"end":{"line":67,"column":2}},"28":{"start":{"line":66,"column":2},"end":{"line":66,"column":58}},"29":{"start":{"line":68,"column":14},"end":{"line":68,"column":72}},"30":{"start":{"line":70,"column":18},"end":{"line":70,"column":37}},"31":{"start":{"line":71,"column":17},"end":{"line":71,"column":68}},"32":{"start":{"line":72,"column":1},"end":{"line":72,"column":27}},"33":{"start":{"line":76,"column":19},"end":{"line":76,"column":21}},"34":{"start":{"line":88,"column":22},"end":{"line":88,"column":86}},"35":{"start":{"line":89,"column":17},"end":{"line":89,"column":49}},"36":{"start":{"line":90,"column":1},"end":{"line":90,"column":45}},"37":{"start":{"line":90,"column":31},"end":{"line":90,"column":45}},"38":{"start":{"line":93,"column":1},"end":{"line":100,"column":2}},"39":{"start":{"line":94,"column":2},"end":{"line":96,"column":3}},"40":{"start":{"line":95,"column":3},"end":{"line":95,"column":69}},"41":{"start":{"line":97,"column":2},"end":{"line":97,"column":21}},"42":{"start":{"line":99,"column":2},"end":{"line":99,"column":37}},"43":{"start":{"line":102,"column":16},"end":{"line":102,"column":44}},"44":{"start":{"line":103,"column":1},"end":{"line":105,"column":2}},"45":{"start":{"line":104,"column":2},"end":{"line":104,"column":20}},"46":{"start":{"line":107,"column":1},"end":{"line":154,"column":2}},"47":{"start":{"line":109,"column":2},"end":{"line":136,"column":3}},"48":{"start":{"line":110,"column":23},"end":{"line":110,"column":52}},"49":{"start":{"line":111,"column":3},"end":{"line":117,"column":4}},"50":{"start":{"line":112,"column":4},"end":{"line":116,"column":5}},"51":{"start":{"line":113,"column":5},"end":{"line":113,"column":20}},"52":{"start":{"line":115,"column":5},"end":{"line":115,"column":57}},"53":{"start":{"line":120,"column":18},"end":{"line":120,"column":19}},"54":{"start":{"line":121,"column":19},"end":{"line":121,"column":26}},"55":{"start":{"line":122,"column":3},"end":{"line":135,"column":4}},"56":{"start":{"line":123,"column":24},"end":{"line":123,"column":53}},"57":{"start":{"line":124,"column":4},"end":{"line":126,"column":5}},"58":{"start":{"line":125,"column":5},"end":{"line":125,"column":10}},"59":{"start":{"line":127,"column":4},"end":{"line":129,"column":5}},"60":{"start":{"line":128,"column":5},"end":{"line":128,"column":20}},"61":{"start":{"line":131,"column":4},"end":{"line":131,"column":14}},"62":{"start":{"line":132,"column":4},"end":{"line":132,"column":40}},"63":{"start":{"line":133,"column":4},"end":{"line":133,"column":40}},"64":{"start":{"line":134,"column":4},"end":{"line":134,"column":43}},"65":{"start":{"line":139,"column":2},"end":{"line":139,"column":36}},"66":{"start":{"line":142,"column":2},"end":{"line":142,"column":35}},"67":{"start":{"line":145,"column":2},"end":{"line":147,"column":3}},"68":{"start":{"line":146,"column":3},"end":{"line":146,"column":63}},"69":{"start":{"line":148,"column":2},"end":{"line":148,"column":17}},"70":{"start":{"line":150,"column":2},"end":{"line":150,"column":69}},"71":{"start":{"line":152,"column":2},"end":{"line":152,"column":35}},"72":{"start":{"line":153,"column":2},"end":{"line":153,"column":17}},"73":{"start":{"line":163,"column":1},"end":{"line":174,"column":2}},"74":{"start":{"line":165,"column":14},"end":{"line":165,"column":35}},"75":{"start":{"line":166,"column":2},"end":{"line":166,"column":21}},"76":{"start":{"line":166,"column":11},"end":{"line":166,"column":21}},"77":{"start":{"line":169,"column":2},"end":{"line":169,"column":36}},"78":{"start":{"line":171,"column":2},"end":{"line":171,"column":72}},"79":{"start":{"line":173,"column":2},"end":{"line":173,"column":36}},"80":{"start":{"line":179,"column":0},"end":{"line":186,"column":1}},"81":{"start":{"line":189,"column":0},"end":{"line":208,"column":1}},"82":{"start":{"line":190,"column":18},"end":{"line":198,"column":2}},"83":{"start":{"line":199,"column":1},"end":{"line":207,"column":3}},"84":{"start":{"line":200,"column":18},"end":{"line":200,"column":42}},"85":{"start":{"line":201,"column":2},"end":{"line":206,"column":3}},"86":{"start":{"line":202,"column":3},"end":{"line":202,"column":55}},"87":{"start":{"line":204,"column":14},"end":{"line":204,"column":38}},"88":{"start":{"line":205,"column":3},"end":{"line":205,"column":47}}},"fnMap":{"0":{"name":"cleanAndValidateUrl","decl":{"start":{"line":10,"column":9},"end":{"line":10,"column":28}},"loc":{"start":{"line":10,"column":39},"end":{"line":34,"column":1}},"line":10},"1":{"name":"base62Encode","decl":{"start":{"line":46,"column":9},"end":{"line":46,"column":21}},"loc":{"start":{"line":46,"column":29},"end":{"line":57,"column":1}},"line":46},"2":{"name":"generateShortId","decl":{"start":{"line":64,"column":9},"end":{"line":64,"column":24}},"loc":{"start":{"line":64,"column":40},"end":{"line":73,"column":1}},"line":64},"3":{"name":"getShortUrl","decl":{"start":{"line":87,"column":15},"end":{"line":87,"column":26}},"loc":{"start":{"line":87,"column":63},"end":{"line":155,"column":1}},"line":87},"4":{"name":"resolveShortId","decl":{"start":{"line":162,"column":15},"end":{"line":162,"column":29}},"loc":{"start":{"line":162,"column":39},"end":{"line":175,"column":1}},"line":162},"5":{"name":"(anonymous_5)","decl":{"start":{"line":199,"column":18},"end":{"line":199,"column":19}},"loc":{"start":{"line":199,"column":25},"end":{"line":207,"column":2}},"line":199}},"branchMap":{"0":{"loc":{"start":{"line":11,"column":1},"end":{"line":13,"column":2}},"type":"if","locations":[{"start":{"line":11,"column":1},"end":{"line":13,"column":2}},{"start":{},"end":{}}],"line":11},"1":{"loc":{"start":{"line":11,"column":5},"end":{"line":11,"column":53}},"type":"binary-expr","locations":[{"start":{"line":11,"column":5},"end":{"line":11,"column":33}},{"start":{"line":11,"column":37},"end":{"line":11,"column":53}}],"line":11},"2":{"loc":{"start":{"line":18,"column":2},"end":{"line":18,"column":67}},"type":"if","locations":[{"start":{"line":18,"column":2},"end":{"line":18,"column":67}},{"start":{},"end":{}}],"line":18},"3":{"loc":{"start":{"line":28,"column":1},"end":{"line":30,"column":2}},"type":"if","locations":[{"start":{"line":28,"column":1},"end":{"line":30,"column":2}},{"start":{},"end":{}}],"line":28},"4":{"loc":{"start":{"line":28,"column":5},"end":{"line":28,"column":50}},"type":"binary-expr","locations":[{"start":{"line":28,"column":5},"end":{"line":28,"column":24}},{"start":{"line":28,"column":28},"end":{"line":28,"column":50}}],"line":28},"5":{"loc":{"start":{"line":47,"column":11},"end":{"line":47,"column":69}},"type":"cond-expr","locations":[{"start":{"line":47,"column":36},"end":{"line":47,"column":41}},{"start":{"line":47,"column":44},"end":{"line":47,"column":69}}],"line":47},"6":{"loc":{"start":{"line":51,"column":1},"end":{"line":51,"column":39}},"type":"if","locations":[{"start":{"line":51,"column":1},"end":{"line":51,"column":39}},{"start":{},"end":{}}],"line":51},"7":{"loc":{"start":{"line":65,"column":1},"end":{"line":67,"column":2}},"type":"if","locations":[{"start":{"line":65,"column":1},"end":{"line":67,"column":2}},{"start":{},"end":{}}],"line":65},"8":{"loc":{"start":{"line":65,"column":5},"end":{"line":65,"column":56}},"type":"binary-expr","locations":[{"start":{"line":65,"column":5},"end":{"line":65,"column":38}},{"start":{"line":65,"column":42},"end":{"line":65,"column":56}}],"line":65},"9":{"loc":{"start":{"line":88,"column":23},"end":{"line":88,"column":65}},"type":"binary-expr","locations":[{"start":{"line":88,"column":23},"end":{"line":88,"column":34}},{"start":{"line":88,"column":38},"end":{"line":88,"column":65}}],"line":88},"10":{"loc":{"start":{"line":90,"column":1},"end":{"line":90,"column":45}},"type":"if","locations":[{"start":{"line":90,"column":1},"end":{"line":90,"column":45}},{"start":{},"end":{}}],"line":90},"11":{"loc":{"start":{"line":93,"column":1},"end":{"line":100,"column":2}},"type":"if","locations":[{"start":{"line":93,"column":1},"end":{"line":100,"column":2}},{"start":{"line":98,"column":8},"end":{"line":100,"column":2}}],"line":93},"12":{"loc":{"start":{"line":94,"column":2},"end":{"line":96,"column":3}},"type":"if","locations":[{"start":{"line":94,"column":2},"end":{"line":96,"column":3}},{"start":{},"end":{}}],"line":94},"13":{"loc":{"start":{"line":94,"column":6},"end":{"line":94,"column":75}},"type":"binary-expr","locations":[{"start":{"line":94,"column":6},"end":{"line":94,"column":34}},{"start":{"line":94,"column":38},"end":{"line":94,"column":75}}],"line":94},"14":{"loc":{"start":{"line":103,"column":1},"end":{"line":105,"column":2}},"type":"if","locations":[{"start":{"line":103,"column":1},"end":{"line":105,"column":2}},{"start":{},"end":{}}],"line":103},"15":{"loc":{"start":{"line":103,"column":5},"end":{"line":103,"column":77}},"type":"binary-expr","locations":[{"start":{"line":103,"column":5},"end":{"line":103,"column":36}},{"start":{"line":103,"column":40},"end":{"line":103,"column":77}}],"line":103},"16":{"loc":{"start":{"line":109,"column":2},"end":{"line":136,"column":3}},"type":"if","locations":[{"start":{"line":109,"column":2},"end":{"line":136,"column":3}},{"start":{"line":119,"column":9},"end":{"line":136,"column":3}}],"line":109},"17":{"loc":{"start":{"line":111,"column":3},"end":{"line":117,"column":4}},"type":"if","locations":[{"start":{"line":111,"column":3},"end":{"line":117,"column":4}},{"start":{},"end":{}}],"line":111},"18":{"loc":{"start":{"line":112,"column":4},"end":{"line":116,"column":5}},"type":"if","locations":[{"start":{"line":112,"column":4},"end":{"line":116,"column":5}},{"start":{"line":114,"column":11},"end":{"line":116,"column":5}}],"line":112},"19":{"loc":{"start":{"line":124,"column":4},"end":{"line":126,"column":5}},"type":"if","locations":[{"start":{"line":124,"column":4},"end":{"line":126,"column":5}},{"start":{},"end":{}}],"line":124},"20":{"loc":{"start":{"line":127,"column":4},"end":{"line":129,"column":5}},"type":"if","locations":[{"start":{"line":127,"column":4},"end":{"line":129,"column":5}},{"start":{},"end":{}}],"line":127},"21":{"loc":{"start":{"line":145,"column":2},"end":{"line":147,"column":3}},"type":"if","locations":[{"start":{"line":145,"column":2},"end":{"line":147,"column":3}},{"start":{},"end":{}}],"line":145},"22":{"loc":{"start":{"line":166,"column":2},"end":{"line":166,"column":21}},"type":"if","locations":[{"start":{"line":166,"column":2},"end":{"line":166,"column":21}},{"start":{},"end":{}}],"line":166},"23":{"loc":{"start":{"line":169,"column":9},"end":{"line":169,"column":36}},"type":"binary-expr","locations":[{"start":{"line":169,"column":9},"end":{"line":169,"column":28}},{"start":{"line":169,"column":32},"end":{"line":169,"column":36}}],"line":169},"24":{"loc":{"start":{"line":173,"column":9},"end":{"line":173,"column":36}},"type":"binary-expr","locations":[{"start":{"line":173,"column":9},"end":{"line":173,"column":28}},{"start":{"line":173,"column":32},"end":{"line":173,"column":36}}],"line":173},"25":{"loc":{"start":{"line":189,"column":0},"end":{"line":208,"column":1}},"type":"if","locations":[{"start":{"line":189,"column":0},"end":{"line":208,"column":1}},{"start":{},"end":{}}],"line":189},"26":{"loc":{"start":{"line":201,"column":2},"end":{"line":206,"column":3}},"type":"if","locations":[{"start":{"line":201,"column":2},"end":{"line":206,"column":3}},{"start":{"line":203,"column":9},"end":{"line":206,"column":3}}],"line":201}},"s":{"0":1,"1":1,"2":17,"3":2,"4":15,"5":15,"6":15,"7":2,"8":15,"9":1,"10":14,"11":14,"12":14,"13":1,"14":14,"15":14,"16":1,"17":9,"18":9,"19":9,"20":9,"21":9,"22":1,"23":8,"24":56,"25":56,"26":8,"27":8,"28":0,"29":8,"30":8,"31":8,"32":8,"33":1,"34":10,"35":10,"36":10,"37":0,"38":10,"39":6,"40":3,"41":3,"42":4,"43":7,"44":7,"45":4,"46":3,"47":3,"48":0,"49":0,"50":0,"51":0,"52":0,"53":3,"54":3,"55":3,"56":4,"57":4,"58":2,"59":2,"60":1,"61":1,"62":1,"63":1,"64":1,"65":2,"66":2,"67":2,"68":0,"69":2,"70":0,"71":0,"72":0,"73":4,"74":4,"75":4,"76":2,"77":2,"78":0,"79":0,"80":1,"81":1,"82":0,"83":0,"84":0,"85":0,"86":0,"87":0,"88":0},"f":{"0":17,"1":9,"2":8,"3":10,"4":4,"5":0},"b":{"0":[2,15],"1":[17,16],"2":[2,13],"3":[1,13],"4":[14,6],"5":[9,0],"6":[1,8],"7":[0,8],"8":[8,8],"9":[10,9],"10":[0,10],"11":[6,4],"12":[3,3],"13":[6,6],"14":[4,3],"15":[7,7],"16":[0,3],"17":[0,0],"18":[0,0],"19":[2,2],"20":[1,1],"21":[0,2],"22":[2,2],"23":[2,2],"24":[0,0],"25":[0,1],"26":[0,0]},"_coverageSchema":"1a1c01bbd47fc00a2c39e90264f33305004495a9","hash":"8400bc249a8e03715c7cde69abdf0d9ee188c426"}
}
