TN:
SF:src/rateLimit.js
FN:53,identifyClientType
FN:88,checkRateLimit
FN:126,getRateLimitInfo
FN:159,whitelistClient
FN:167,unwhitelistClient
FN:175,addTrustedReferrer
FN:184,configureClientType
FN:191,(anonymous_7)
FN:193,(anonymous_8)
FN:201,stopCleanup
FNF:10
FNH:4
FNDA:11,identifyClientType
FNDA:9,checkRateLimit
FNDA:2,getRateLimitInfo
FNDA:0,whitelistClient
FNDA:0,unwhitelistClient
FNDA:0,addTrustedReferrer
FNDA:0,configureClientType
FNDA:0,(anonymous_7)
FNDA:0,(anonymous_8)
FNDA:1,stopCleanup
DA:6,1
DA:10,1
DA:13,1
DA:16,1
DA:35,1
DA:41,1
DA:55,11
DA:56,0
DA:60,11
DA:61,11
DA:62,0
DA:66,11
DA:67,11
DA:68,0
DA:69,0
DA:70,0
DA:71,0
DA:78,11
DA:89,9
DA:91,9
DA:92,9
DA:93,9
DA:95,9
DA:96,9
DA:98,9
DA:99,9
DA:101,9
DA:103,9
DA:104,3
DA:105,1
DA:107,3
DA:111,6
DA:112,2
DA:114,6
DA:115,6
DA:127,2
DA:128,0
DA:131,2
DA:132,2
DA:133,2
DA:135,2
DA:136,2
DA:138,2
DA:139,2
DA:140,2
DA:142,2
DA:143,2
DA:144,1
DA:145,1
DA:146,1
DA:149,1
DA:150,1
DA:151,1
DA:160,0
DA:168,0
DA:176,0
DA:185,0
DA:186,0
DA:191,1
DA:192,0
DA:193,0
DA:195,0
DA:196,0
DA:202,1
DA:205,1
LF:65
LH:49
BRDA:53,0,0,0
BRDA:55,1,0,0
BRDA:55,1,1,11
BRDA:60,2,0,11
BRDA:60,2,1,11
BRDA:61,3,0,0
BRDA:61,3,1,11
BRDA:61,4,0,11
BRDA:61,4,1,1
BRDA:66,5,0,11
BRDA:66,5,1,11
BRDA:67,6,0,0
BRDA:67,6,1,11
BRDA:70,7,0,0
BRDA:70,7,1,0
BRDA:89,8,0,0
BRDA:89,8,1,9
BRDA:95,9,0,9
BRDA:95,9,1,0
BRDA:104,10,0,1
BRDA:104,10,1,2
BRDA:111,11,0,2
BRDA:111,11,1,4
BRDA:127,12,0,0
BRDA:127,12,1,2
BRDA:135,13,0,2
BRDA:135,13,1,0
BRDA:144,14,0,1
BRDA:144,14,1,0
BRDA:149,15,0,1
BRDA:149,15,1,0
BRDA:185,16,0,0
BRDA:185,16,1,0
BRDA:195,17,0,0
BRDA:195,17,1,0
BRF:35
BRH:19
end_of_record
TN:
SF:src/shorten.js
FN:10,cleanAndValidateUrl
FN:46,base62Encode
FN:64,generateShortId
FN:87,getShortUrl
FN:162,resolveShortId
FN:199,(anonymous_5)
FNF:6
FNH:5
FNDA:17,cleanAndValidateUrl
FNDA:9,base62Encode
FNDA:8,generateShortId
FNDA:10,getShortUrl
FNDA:4,resolveShortId
FNDA:0,(anonymous_5)
DA:1,1
DA:2,1
DA:11,17
DA:12,2
DA:15,15
DA:17,15
DA:18,15
DA:19,15
DA:21,1
DA:25,14
DA:26,14
DA:28,14
DA:29,1
DA:32,14
DA:33,14
DA:39,1
DA:47,9
DA:48,9
DA:49,9
DA:50,9
DA:51,9
DA:52,8
DA:53,56
DA:54,56
DA:56,8
DA:65,8
DA:66,0
DA:68,8
DA:70,8
DA:71,8
DA:72,8
DA:76,1
DA:88,10
DA:89,10
DA:90,10
DA:93,10
DA:94,6
DA:95,3
DA:97,3
DA:99,4
DA:102,7
DA:103,7
DA:104,4
DA:107,3
DA:109,3
DA:110,0
DA:111,0
DA:112,0
DA:113,0
DA:115,0
DA:120,3
DA:121,3
DA:122,3
DA:123,4
DA:124,4
DA:125,2
DA:127,2
DA:128,1
DA:131,1
DA:132,1
DA:133,1
DA:134,1
DA:139,2
DA:142,2
DA:145,2
DA:146,0
DA:148,2
DA:150,0
DA:152,0
DA:153,0
DA:163,4
DA:165,4
DA:166,4
DA:169,2
DA:171,0
DA:173,0
DA:179,1
DA:189,1
DA:190,0
DA:199,0
DA:200,0
DA:201,0
DA:202,0
DA:204,0
DA:205,0
LF:85
LH:66
BRDA:11,0,0,2
BRDA:11,0,1,15
BRDA:11,1,0,17
BRDA:11,1,1,16
BRDA:18,2,0,2
BRDA:18,2,1,13
BRDA:28,3,0,1
BRDA:28,3,1,13
BRDA:28,4,0,14
BRDA:28,4,1,6
BRDA:47,5,0,9
BRDA:47,5,1,0
BRDA:51,6,0,1
BRDA:51,6,1,8
BRDA:65,7,0,0
BRDA:65,7,1,8
BRDA:65,8,0,8
BRDA:65,8,1,8
BRDA:88,9,0,10
BRDA:88,9,1,9
BRDA:90,10,0,0
BRDA:90,10,1,10
BRDA:93,11,0,6
BRDA:93,11,1,4
BRDA:94,12,0,3
BRDA:94,12,1,3
BRDA:94,13,0,6
BRDA:94,13,1,6
BRDA:103,14,0,4
BRDA:103,14,1,3
BRDA:103,15,0,7
BRDA:103,15,1,7
BRDA:109,16,0,0
BRDA:109,16,1,3
BRDA:111,17,0,0
BRDA:111,17,1,0
BRDA:112,18,0,0
BRDA:112,18,1,0
BRDA:124,19,0,2
BRDA:124,19,1,2
BRDA:127,20,0,1
BRDA:127,20,1,1
BRDA:145,21,0,0
BRDA:145,21,1,2
BRDA:166,22,0,2
BRDA:166,22,1,2
BRDA:169,23,0,2
BRDA:169,23,1,2
BRDA:173,24,0,0
BRDA:173,24,1,0
BRDA:189,25,0,0
BRDA:189,25,1,1
BRDA:201,26,0,0
BRDA:201,26,1,0
BRF:54
BRH:40
end_of_record
